[LOG] system_create                            : Header version = 2.03.07. Current version = 2.03.07.
[LOG] Manager::init                            : maxchannels = 256 studioflags = 00000006 flags 00000000 extradriverdata 0000000000000000.
[LOG] SystemI::init                            : Initialize version=20307 (150747), maxchannels=256, flags=0x00020000
[LOG] SystemI::setOutputInternal               : Setting output to 'FMOD WASAPI Output'
[LOG] OutputWASAPI::init                       : Mix Format (WAVEFORMATEX): wFormatTag=0xFFFE, nChannels=2, nSamplesPerSec=48000, nAvgBytesPerSec=384000, nBlockAlign=8, wBitsPerSample=32, cbSize=22.
[LOG] OutputWASAPI::init                       : Mix Format (WAVEFORMATEXTENSIBLE): wValidBitsPerSample=32, dwChannelMask=0x00000003, SubFormat=00000003-0000-0010-8000-00AA00389B71.
[LOG] OutputWASAPI::init                       : Output buffer size: 2048 samples, latency: 0.00ms, period: 10.00ms, DSP buffer: 512 * 4
[LOG] Thread::initThread                       : Init FMOD stream thread. Affinity: 0x4000000000000003, Priority: 0xFFFF7FFB, Stack Size: 98304, Semaphore: No, Sleep Time: 10, Looping: Yes.
[LOG] SystemI::DSPCodecPoolRegister            : register codec pool for pool type 0
[LOG] Thread::initThread                       : Init FMOD mixer thread. Affinity: 0x4000000000000001, Priority: 0xFFFF7FFA, Stack Size: 81920, Semaphore: No, Sleep Time: 0, Looping: Yes.
[LOG] AsyncManager::init                       : manager 0000022979C8BD88 isAsync 0 updatePeriod 0.02
[LOG] AsyncManager::init                       : done
[LOG] PlaybackSystem::init                     : 
[LOG] Thread::initThread                       : Init FMOD Studio sample load thread. Affinity: 0x4000000000000003, Priority: 0xFFFF7FFD, Stack Size: 98304, Semaphore: No, Sleep Time: 1, Looping: No.
[LOG] PlaybackSystem::init                     : done
[LOG] Thread::initThread                       : Init FMOD Studio bank load thread. Affinity: 0x4000000000000003, Priority: 0xFFFF7FFD, Stack Size: 98304, Semaphore: No, Sleep Time: 1, Looping: No.
[LOG] Manager::init                            : done.
[LOG] BankLoader::serializeBank                : fileversion = 146, compatVersion = 146 (oldest = 44, newest = 146)
[LOG] BankLoader::serializeBank                : fileversion = 146, compatVersion = 146 (oldest = 44, newest = 146)
[LOG] BankLoader::serializeBank                : fileversion = 146, compatVersion = 146 (oldest = 44, newest = 146)
[LOG] BankLoader::serializeBank                : fileversion = 146, compatVersion = 146 (oldest = 44, newest = 146)
[LOG] PlaybackSystem::acquireMasterBus         : Setting master channel group format to 6
[LOG] SystemI::createSoundInternal             : Create name='', mode=0x02000202
[LOG] SystemI::createSoundInternal             : exinfo->cbsize             = 224
[LOG] SystemI::createSoundInternal             : exinfo->length             = 96128
[LOG] SystemI::createSoundInternal             : exinfo->fileoffset         = 16864
[LOG] SystemI::createSoundInternal             : exinfo->numsubsounds       = 1
[LOG] SystemI::createSoundInternal             : exinfo->inclusionlist      = 00000094DA09F1F8
[LOG] SystemI::createSoundInternal             : exinfo->inclusionlistnum   = 1
[LOG] SystemI::createSoundInternal             : exinfo->suggestedsoundtype = 5
[LOG] SystemI::createSoundInternal             : exinfo->useropen           = 00007FF90FE9D3E0
[LOG] SystemI::createSoundInternal             : exinfo->userclose          = 00007FF90FE9D3A0
[LOG] SystemI::createSoundInternal             : exinfo->userread           = 00007FF90FE9D4C0
[LOG] SystemI::createSoundInternal             : exinfo->userseek           = 00007FF90FE9D580
[LOG] SystemI::createSoundInternal             : exinfo->fileuserdata       = 00000227FE8D1358
[LOG] SystemI::createSoundInternal             : exinfo->initialseekpostype = 1
[LOG] SystemI::DSPCodecPoolRegister            : register codec pool for pool type 4
[LOG] SystemI::createSoundInternal             : Sample 0/1: name='Steps_wood-005', format=5, channels=2, frequency=48000, lengthbytes=1920, lengthpcm=10192, pcmblocksize=0, loopstart=0, loopend=0, mode=0x00000000, channelmask=0x00000000, channelorder=0, peakvolume=0.094879.
[LOG] SystemI::createSoundInternal             : Create name='', mode=0x02000202
[LOG] SystemI::createSoundInternal             : exinfo->cbsize             = 224
[LOG] SystemI::createSoundInternal             : exinfo->length             = 96128
[LOG] SystemI::createSoundInternal             : exinfo->fileoffset         = 16864
[LOG] SystemI::createSoundInternal             : exinfo->numsubsounds       = 1
[LOG] SystemI::createSoundInternal             : exinfo->inclusionlist      = 00000094DA09F1F8
[LOG] SystemI::createSoundInternal             : exinfo->inclusionlistnum   = 1
[LOG] SystemI::createSoundInternal             : exinfo->suggestedsoundtype = 5
[LOG] SystemI::createSoundInternal             : exinfo->useropen           = 00007FF90FE9D3E0
[LOG] SystemI::createSoundInternal             : exinfo->userclose          = 00007FF90FE9D3A0
[LOG] SystemI::createSoundInternal             : exinfo->userread           = 00007FF90FE9D4C0
[LOG] SystemI::createSoundInternal             : exinfo->userseek           = 00007FF90FE9D580
[LOG] SystemI::createSoundInternal             : exinfo->fileuserdata       = 00000227FE8D1358
[LOG] SystemI::createSoundInternal             : exinfo->initialseekpostype = 1
[LOG] SystemI::DSPCodecPoolRegister            : register codec pool for pool type 4
[LOG] SystemI::createSoundInternal             : Sample 0/1: name='FOOTSTEP_Grass_Run_01_RR03_mono', format=5, channels=1, frequency=48000, lengthbytes=3296, lengthpcm=17914, pcmblocksize=0, loopstart=0, loopend=0, mode=0x00000000, channelmask=0x00000000, channelorder=0, peakvolume=0.094391.
[LOG] SystemI::createSoundInternal             : Create name='', mode=0x02000202
[LOG] SystemI::createSoundInternal             : exinfo->cbsize             = 224
[LOG] SystemI::createSoundInternal             : exinfo->length             = 96128
[LOG] SystemI::createSoundInternal             : exinfo->fileoffset         = 16864
[LOG] SystemI::createSoundInternal             : exinfo->numsubsounds       = 1
[LOG] SystemI::createSoundInternal             : exinfo->inclusionlist      = 00000094DA09F1F8
[LOG] SystemI::createSoundInternal             : exinfo->inclusionlistnum   = 1
[LOG] SystemI::createSoundInternal             : exinfo->suggestedsoundtype = 5
[LOG] SystemI::createSoundInternal             : exinfo->useropen           = 00007FF90FE9D3E0
[LOG] SystemI::createSoundInternal             : exinfo->userclose          = 00007FF90FE9D3A0
[LOG] SystemI::createSoundInternal             : exinfo->userread           = 00007FF90FE9D4C0
[LOG] SystemI::createSoundInternal             : exinfo->userseek           = 00007FF90FE9D580
[LOG] SystemI::createSoundInternal             : exinfo->fileuserdata       = 00000227FE8D1358
[LOG] SystemI::createSoundInternal             : exinfo->initialseekpostype = 1
[LOG] SystemI::DSPCodecPoolRegister            : register codec pool for pool type 4
[LOG] SystemI::createSoundInternal             : Sample 0/1: name='FOOTSTEP_Grass_Run_01_RR10_mono', format=5, channels=1, frequency=48000, lengthbytes=3232, lengthpcm=17750, pcmblocksize=0, loopstart=0, loopend=0, mode=0x00000000, channelmask=0x00000000, channelorder=0, peakvolume=0.109467.
[LOG] SystemI::createSoundInternal             : Create name='', mode=0x02000202
[LOG] SystemI::createSoundInternal             : exinfo->cbsize             = 224
[LOG] SystemI::createSoundInternal             : exinfo->length             = 96128
[LOG] SystemI::createSoundInternal             : exinfo->fileoffset         = 16864
[LOG] SystemI::createSoundInternal             : exinfo->numsubsounds       = 1
[LOG] SystemI::createSoundInternal             : exinfo->inclusionlist      = 00000094DA09F1F8
[LOG] SystemI::createSoundInternal             : exinfo->inclusionlistnum   = 1
[LOG] SystemI::createSoundInternal             : exinfo->suggestedsoundtype = 5
[LOG] SystemI::createSoundInternal             : exinfo->useropen           = 00007FF90FE9D3E0
[LOG] SystemI::createSoundInternal             : exinfo->userclose          = 00007FF90FE9D3A0
[LOG] SystemI::createSoundInternal             : exinfo->userread           = 00007FF90FE9D4C0
[LOG] SystemI::createSoundInternal             : exinfo->userseek           = 00007FF90FE9D580
[LOG] SystemI::createSoundInternal             : exinfo->fileuserdata       = 00000227FE8D1358
[LOG] SystemI::createSoundInternal             : exinfo->initialseekpostype = 1
[LOG] SystemI::DSPCodecPoolRegister            : register codec pool for pool type 4
[LOG] SystemI::createSoundInternal             : Sample 0/1: name='Steps_floor-014', format=5, channels=2, frequency=48000, lengthbytes=768, lengthpcm=2397, pcmblocksize=0, loopstart=0, loopend=0, mode=0x00000000, channelmask=0x00000000, channelorder=0, peakvolume=0.301331.
[LOG] SystemI::createSoundInternal             : Create name='', mode=0x02000202
[LOG] SystemI::createSoundInternal             : exinfo->cbsize             = 224
[LOG] SystemI::createSoundInternal             : exinfo->length             = 96128
[LOG] SystemI::createSoundInternal             : exinfo->fileoffset         = 16864
[LOG] SystemI::createSoundInternal             : exinfo->numsubsounds       = 1
[LOG] SystemI::createSoundInternal             : exinfo->inclusionlist      = 00000094DA09F1F8
[LOG] SystemI::createSoundInternal             : exinfo->inclusionlistnum   = 1
[LOG] SystemI::createSoundInternal             : exinfo->suggestedsoundtype = 5
[LOG] SystemI::createSoundInternal             : exinfo->useropen           = 00007FF90FE9D3E0
[LOG] SystemI::createSoundInternal             : exinfo->userclose          = 00007FF90FE9D3A0
[LOG] SystemI::createSoundInternal             : exinfo->userread           = 00007FF90FE9D4C0
[LOG] SystemI::createSoundInternal             : exinfo->userseek           = 00007FF90FE9D580
[LOG] SystemI::createSoundInternal             : exinfo->fileuserdata       = 00000227FE8D1358
[LOG] SystemI::createSoundInternal             : exinfo->initialseekpostype = 1
[LOG] SystemI::DSPCodecPoolRegister            : register codec pool for pool type 4
[LOG] SystemI::createSoundInternal             : Sample 0/1: name='FOOTSTEP_Grass_Run_01_RR09_mono', format=5, channels=1, frequency=48000, lengthbytes=3104, lengthpcm=16599, pcmblocksize=0, loopstart=0, loopend=0, mode=0x00000000, channelmask=0x00000000, channelorder=0, peakvolume=0.088684.
[LOG] SystemI::createSoundInternal             : Create name='', mode=0x02000202
[LOG] SystemI::createSoundInternal             : exinfo->cbsize             = 224
[LOG] SystemI::createSoundInternal             : exinfo->length             = 96128
[LOG] SystemI::createSoundInternal             : exinfo->fileoffset         = 16864
[LOG] SystemI::createSoundInternal             : exinfo->numsubsounds       = 1
[LOG] SystemI::createSoundInternal             : exinfo->inclusionlist      = 00000094DA09F1F8
[LOG] SystemI::createSoundInternal             : exinfo->inclusionlistnum   = 1
[LOG] SystemI::createSoundInternal             : exinfo->suggestedsoundtype = 5
[LOG] SystemI::createSoundInternal             : exinfo->useropen           = 00007FF90FE9D3E0
[LOG] SystemI::createSoundInternal             : exinfo->userclose          = 00007FF90FE9D3A0
[LOG] SystemI::createSoundInternal             : exinfo->userread           = 00007FF90FE9D4C0
[LOG] SystemI::createSoundInternal             : exinfo->userseek           = 00007FF90FE9D580
[LOG] SystemI::createSoundInternal             : exinfo->fileuserdata       = 00000227FE8D1358
[LOG] SystemI::createSoundInternal             : exinfo->initialseekpostype = 1
[LOG] SystemI::DSPCodecPoolRegister            : register codec pool for pool type 4
[LOG] SystemI::createSoundInternal             : Sample 0/1: name='Steps_floor-015', format=5, channels=2, frequency=48000, lengthbytes=736, lengthpcm=2560, pcmblocksize=0, loopstart=0, loopend=0, mode=0x00000000, channelmask=0x00000000, channelorder=0, peakvolume=0.357117.
[LOG] SystemI::createSoundInternal             : Create name='', mode=0x02000202
[LOG] SystemI::createSoundInternal             : exinfo->cbsize             = 224
[LOG] SystemI::createSoundInternal             : exinfo->length             = 96128
[LOG] SystemI::createSoundInternal             : exinfo->fileoffset         = 16864
[LOG] SystemI::createSoundInternal             : exinfo->numsubsounds       = 1
[LOG] SystemI::createSoundInternal             : exinfo->inclusionlist      = 00000094DA09F1F8
[LOG] SystemI::createSoundInternal             : exinfo->inclusionlistnum   = 1
[LOG] SystemI::createSoundInternal             : exinfo->suggestedsoundtype = 5
[LOG] SystemI::createSoundInternal             : exinfo->useropen           = 00007FF90FE9D3E0
[LOG] SystemI::createSoundInternal             : exinfo->userclose          = 00007FF90FE9D3A0
[LOG] SystemI::createSoundInternal             : exinfo->userread           = 00007FF90FE9D4C0
[LOG] SystemI::createSoundInternal             : exinfo->userseek           = 00007FF90FE9D580
[LOG] SystemI::createSoundInternal             : exinfo->fileuserdata       = 00000227FE8D1358
[LOG] SystemI::createSoundInternal             : exinfo->initialseekpostype = 1
[LOG] SystemI::DSPCodecPoolRegister            : register codec pool for pool type 4
[LOG] SystemI::createSoundInternal             : Sample 0/1: name='Steps_floor-007', format=5, channels=2, frequency=48000, lengthbytes=960, lengthpcm=3754, pcmblocksize=0, loopstart=0, loopend=0, mode=0x00000000, channelmask=0x00000000, channelorder=0, peakvolume=0.470581.
[LOG] SystemI::createSoundInternal             : Create name='', mode=0x02000202
[LOG] SystemI::createSoundInternal             : exinfo->cbsize             = 224
[LOG] SystemI::createSoundInternal             : exinfo->length             = 96128
[LOG] SystemI::createSoundInternal             : exinfo->fileoffset         = 16864
[LOG] SystemI::createSoundInternal             : exinfo->numsubsounds       = 1
[LOG] SystemI::createSoundInternal             : exinfo->inclusionlist      = 00000094DA09F1F8
[LOG] SystemI::createSoundInternal             : exinfo->inclusionlistnum   = 1
[LOG] SystemI::createSoundInternal             : exinfo->suggestedsoundtype = 5
[LOG] SystemI::createSoundInternal             : exinfo->useropen           = 00007FF90FE9D3E0
[LOG] SystemI::createSoundInternal             : exinfo->userclose          = 00007FF90FE9D3A0
[LOG] SystemI::createSoundInternal             : exinfo->userread           = 00007FF90FE9D4C0
[LOG] SystemI::createSoundInternal             : exinfo->userseek           = 00007FF90FE9D580
[LOG] SystemI::createSoundInternal             : exinfo->fileuserdata       = 00000227FE8D1358
[LOG] SystemI::createSoundInternal             : exinfo->initialseekpostype = 1
[LOG] SystemI::DSPCodecPoolRegister            : register codec pool for pool type 4
[LOG] SystemI::createSoundInternal             : Sample 0/1: name='FOOTSTEP_Grass_Run_01_RR13_mono', format=5, channels=1, frequency=48000, lengthbytes=3392, lengthpcm=17750, pcmblocksize=0, loopstart=0, loopend=0, mode=0x00000000, channelmask=0x00000000, channelorder=0, peakvolume=0.083832.
[LOG] SystemI::createSoundInternal             : Create name='', mode=0x02000202
[LOG] SystemI::createSoundInternal             : exinfo->cbsize             = 224
[LOG] SystemI::createSoundInternal             : exinfo->length             = 96128
[LOG] SystemI::createSoundInternal             : exinfo->fileoffset         = 16864
[LOG] SystemI::createSoundInternal             : exinfo->numsubsounds       = 1
[LOG] SystemI::createSoundInternal             : exinfo->inclusionlist      = 00000094DA09F1F8
[LOG] SystemI::createSoundInternal             : exinfo->inclusionlistnum   = 1
[LOG] SystemI::createSoundInternal             : exinfo->suggestedsoundtype = 5
[LOG] SystemI::createSoundInternal             : exinfo->useropen           = 00007FF90FE9D3E0
[LOG] SystemI::createSoundInternal             : exinfo->userclose          = 00007FF90FE9D3A0
[LOG] SystemI::createSoundInternal             : exinfo->userread           = 00007FF90FE9D4C0
[LOG] SystemI::createSoundInternal             : exinfo->userseek           = 00007FF90FE9D580
[LOG] SystemI::createSoundInternal             : exinfo->fileuserdata       = 00000227FE8D1358
[LOG] SystemI::createSoundInternal             : exinfo->initialseekpostype = 1
[LOG] SystemI::DSPCodecPoolRegister            : register codec pool for pool type 4
[LOG] SystemI::createSoundInternal             : Sample 0/1: name='Steps_wood-010', format=5, channels=2, frequency=48000, lengthbytes=1760, lengthpcm=10086, pcmblocksize=0, loopstart=0, loopend=0, mode=0x00000000, channelmask=0x00000000, channelorder=0, peakvolume=0.339447.
[LOG] SystemI::createSoundInternal             : Create name='', mode=0x02000202
[LOG] SystemI::createSoundInternal             : exinfo->cbsize             = 224
[LOG] SystemI::createSoundInternal             : exinfo->length             = 96128
[LOG] SystemI::createSoundInternal             : exinfo->fileoffset         = 16864
[LOG] SystemI::createSoundInternal             : exinfo->numsubsounds       = 1
[LOG] SystemI::createSoundInternal             : exinfo->inclusionlist      = 00000094DA09F1F8
[LOG] SystemI::createSoundInternal             : exinfo->inclusionlistnum   = 1
[LOG] SystemI::createSoundInternal             : exinfo->suggestedsoundtype = 5
[LOG] SystemI::createSoundInternal             : exinfo->useropen           = 00007FF90FE9D3E0
[LOG] SystemI::createSoundInternal             : exinfo->userclose          = 00007FF90FE9D3A0
[LOG] SystemI::createSoundInternal             : exinfo->userread           = 00007FF90FE9D4C0
[LOG] SystemI::createSoundInternal             : exinfo->userseek           = 00007FF90FE9D580
[LOG] SystemI::createSoundInternal             : exinfo->fileuserdata       = 00000227FE8D1358
[LOG] SystemI::createSoundInternal             : exinfo->initialseekpostype = 1
[LOG] SystemI::DSPCodecPoolRegister            : register codec pool for pool type 4
[LOG] SystemI::createSoundInternal             : Sample 0/1: name='Steps_wood-008', format=5, channels=2, frequency=48000, lengthbytes=2144, lengthpcm=11009, pcmblocksize=0, loopstart=0, loopend=0, mode=0x00000000, channelmask=0x00000000, channelorder=0, peakvolume=0.241364.
[LOG] SystemI::createSoundInternal             : Create name='', mode=0x02000202
[LOG] SystemI::createSoundInternal             : exinfo->cbsize             = 224
[LOG] SystemI::createSoundInternal             : exinfo->length             = 96128
[LOG] SystemI::createSoundInternal             : exinfo->fileoffset         = 16864
[LOG] SystemI::createSoundInternal             : exinfo->numsubsounds       = 1
[LOG] SystemI::createSoundInternal             : exinfo->inclusionlist      = 00000094DA09F1F8
[LOG] SystemI::createSoundInternal             : exinfo->inclusionlistnum   = 1
[LOG] SystemI::createSoundInternal             : exinfo->suggestedsoundtype = 5
[LOG] SystemI::createSoundInternal             : exinfo->useropen           = 00007FF90FE9D3E0
[LOG] SystemI::createSoundInternal             : exinfo->userclose          = 00007FF90FE9D3A0
[LOG] SystemI::createSoundInternal             : exinfo->userread           = 00007FF90FE9D4C0
[LOG] SystemI::createSoundInternal             : exinfo->userseek           = 00007FF90FE9D580
[LOG] SystemI::createSoundInternal             : exinfo->fileuserdata       = 00000227FE8D1358
[LOG] SystemI::createSoundInternal             : exinfo->initialseekpostype = 1
[LOG] SystemI::DSPCodecPoolRegister            : register codec pool for pool type 4
[LOG] SystemI::createSoundInternal             : Sample 0/1: name='Steps_floor-004', format=5, channels=2, frequency=48000, lengthbytes=1056, lengthpcm=4187, pcmblocksize=0, loopstart=0, loopend=0, mode=0x00000000, channelmask=0x00000000, channelorder=0, peakvolume=0.999969.
[LOG] SystemI::createSoundInternal             : Create name='', mode=0x02000202
[LOG] SystemI::createSoundInternal             : exinfo->cbsize             = 224
[LOG] SystemI::createSoundInternal             : exinfo->length             = 96128
[LOG] SystemI::createSoundInternal             : exinfo->fileoffset         = 16864
[LOG] SystemI::createSoundInternal             : exinfo->numsubsounds       = 1
[LOG] SystemI::createSoundInternal             : exinfo->inclusionlist      = 00000094DA09F1F8
[LOG] SystemI::createSoundInternal             : exinfo->inclusionlistnum   = 1
[LOG] SystemI::createSoundInternal             : exinfo->suggestedsoundtype = 5
[LOG] SystemI::createSoundInternal             : exinfo->useropen           = 00007FF90FE9D3E0
[LOG] SystemI::createSoundInternal             : exinfo->userclose          = 00007FF90FE9D3A0
[LOG] SystemI::createSoundInternal             : exinfo->userread           = 00007FF90FE9D4C0
[LOG] SystemI::createSoundInternal             : exinfo->userseek           = 00007FF90FE9D580
[LOG] SystemI::createSoundInternal             : exinfo->fileuserdata       = 00000227FE8D1358
[LOG] SystemI::createSoundInternal             : exinfo->initialseekpostype = 1
[LOG] SystemI::DSPCodecPoolRegister            : register codec pool for pool type 4
[LOG] SystemI::createSoundInternal             : Sample 0/1: name='Steps_floor-013', format=5, channels=2, frequency=48000, lengthbytes=928, lengthpcm=3365, pcmblocksize=0, loopstart=0, loopend=0, mode=0x00000000, channelmask=0x00000000, channelorder=0, peakvolume=0.485901.
[LOG] SystemI::createSoundInternal             : Create name='', mode=0x02000202
[LOG] SystemI::createSoundInternal             : exinfo->cbsize             = 224
[LOG] SystemI::createSoundInternal             : exinfo->length             = 96128
[LOG] SystemI::createSoundInternal             : exinfo->fileoffset         = 16864
[LOG] SystemI::createSoundInternal             : exinfo->numsubsounds       = 1
[LOG] SystemI::createSoundInternal             : exinfo->inclusionlist      = 00000094DA09F1F8
[LOG] SystemI::createSoundInternal             : exinfo->inclusionlistnum   = 1
[LOG] SystemI::createSoundInternal             : exinfo->suggestedsoundtype = 5
[LOG] SystemI::createSoundInternal             : exinfo->useropen           = 00007FF90FE9D3E0
[LOG] SystemI::createSoundInternal             : exinfo->userclose          = 00007FF90FE9D3A0
[LOG] SystemI::createSoundInternal             : exinfo->userread           = 00007FF90FE9D4C0
[LOG] SystemI::createSoundInternal             : exinfo->userseek           = 00007FF90FE9D580
[LOG] SystemI::createSoundInternal             : exinfo->fileuserdata       = 00000227FE8D1358
[LOG] SystemI::createSoundInternal             : exinfo->initialseekpostype = 1
[LOG] SystemI::DSPCodecPoolRegister            : register codec pool for pool type 4
[LOG] SystemI::createSoundInternal             : Sample 0/1: name='Steps_floor-003', format=5, channels=2, frequency=48000, lengthbytes=896, lengthpcm=2979, pcmblocksize=0, loopstart=0, loopend=0, mode=0x00000000, channelmask=0x00000000, channelorder=0, peakvolume=0.603027.
[LOG] SystemI::createSoundInternal             : Create name='', mode=0x02000202
[LOG] SystemI::createSoundInternal             : exinfo->cbsize             = 224
[LOG] SystemI::createSoundInternal             : exinfo->length             = 96128
[LOG] SystemI::createSoundInternal             : exinfo->fileoffset         = 16864
[LOG] SystemI::createSoundInternal             : exinfo->numsubsounds       = 1
[LOG] SystemI::createSoundInternal             : exinfo->inclusionlist      = 00000094DA09F1F8
[LOG] SystemI::createSoundInternal             : exinfo->inclusionlistnum   = 1
[LOG] SystemI::createSoundInternal             : exinfo->suggestedsoundtype = 5
[LOG] SystemI::createSoundInternal             : exinfo->useropen           = 00007FF90FE9D3E0
[LOG] SystemI::createSoundInternal             : exinfo->userclose          = 00007FF90FE9D3A0
[LOG] SystemI::createSoundInternal             : exinfo->userread           = 00007FF90FE9D4C0
[LOG] SystemI::createSoundInternal             : exinfo->userseek           = 00007FF90FE9D580
[LOG] SystemI::createSoundInternal             : exinfo->fileuserdata       = 00000227FE8D1358
[LOG] SystemI::createSoundInternal             : exinfo->initialseekpostype = 1
[LOG] SystemI::DSPCodecPoolRegister            : register codec pool for pool type 4
[LOG] SystemI::createSoundInternal             : Sample 0/1: name='FOOTSTEP_Grass_Run_01_RR08_mono', format=5, channels=1, frequency=48000, lengthbytes=3200, lengthpcm=17257, pcmblocksize=0, loopstart=0, loopend=0, mode=0x00000000, channelmask=0x00000000, channelorder=0, peakvolume=0.075867.
[LOG] SystemI::createSoundInternal             : Create name='', mode=0x02000202
[LOG] SystemI::createSoundInternal             : exinfo->cbsize             = 224
[LOG] SystemI::createSoundInternal             : exinfo->length             = 96128
[LOG] SystemI::createSoundInternal             : exinfo->fileoffset         = 16864
[LOG] SystemI::createSoundInternal             : exinfo->numsubsounds       = 1
[LOG] SystemI::createSoundInternal             : exinfo->inclusionlist      = 00000094DA09F1F8
[LOG] SystemI::createSoundInternal             : exinfo->inclusionlistnum   = 1
[LOG] SystemI::createSoundInternal             : exinfo->suggestedsoundtype = 5
[LOG] SystemI::createSoundInternal             : exinfo->useropen           = 00007FF90FE9D3E0
[LOG] SystemI::createSoundInternal             : exinfo->userclose          = 00007FF90FE9D3A0
[LOG] SystemI::createSoundInternal             : exinfo->userread           = 00007FF90FE9D4C0
[LOG] SystemI::createSoundInternal             : exinfo->userseek           = 00007FF90FE9D580
[LOG] SystemI::createSoundInternal             : exinfo->fileuserdata       = 00000227FE8D1358
[LOG] SystemI::createSoundInternal             : exinfo->initialseekpostype = 1
[LOG] SystemI::DSPCodecPoolRegister            : register codec pool for pool type 4
[LOG] SystemI::createSoundInternal             : Sample 0/1: name='FOOTSTEP_Grass_Run_01_RR07_mono', format=5, channels=1, frequency=48000, lengthbytes=3136, lengthpcm=17257, pcmblocksize=0, loopstart=0, loopend=0, mode=0x00000000, channelmask=0x00000000, channelorder=0, peakvolume=0.075348.
[LOG] SystemI::createSoundInternal             : Create name='', mode=0x02000202
[LOG] SystemI::createSoundInternal             : exinfo->cbsize             = 224
[LOG] SystemI::createSoundInternal             : exinfo->length             = 96128
[LOG] SystemI::createSoundInternal             : exinfo->fileoffset         = 16864
[LOG] SystemI::createSoundInternal             : exinfo->numsubsounds       = 1
[LOG] SystemI::createSoundInternal             : exinfo->inclusionlist      = 00000094DA09F1F8
[LOG] SystemI::createSoundInternal             : exinfo->inclusionlistnum   = 1
[LOG] SystemI::createSoundInternal             : exinfo->suggestedsoundtype = 5
[LOG] SystemI::createSoundInternal             : exinfo->useropen           = 00007FF90FE9D3E0
[LOG] SystemI::createSoundInternal             : exinfo->userclose          = 00007FF90FE9D3A0
[LOG] SystemI::createSoundInternal             : exinfo->userread           = 00007FF90FE9D4C0
[LOG] SystemI::createSoundInternal             : exinfo->userseek           = 00007FF90FE9D580
[LOG] SystemI::createSoundInternal             : exinfo->fileuserdata       = 00000227FE8D1358
[LOG] SystemI::createSoundInternal             : exinfo->initialseekpostype = 1
[LOG] SystemI::DSPCodecPoolRegister            : register codec pool for pool type 4
[LOG] SystemI::createSoundInternal             : Sample 0/1: name='Steps_floor-011', format=5, channels=2, frequency=48000, lengthbytes=1024, lengthpcm=3980, pcmblocksize=0, loopstart=0, loopend=0, mode=0x00000000, channelmask=0x00000000, channelorder=0, peakvolume=0.496185.
[LOG] SystemI::createSoundInternal             : Create name='', mode=0x02000202
[LOG] SystemI::createSoundInternal             : exinfo->cbsize             = 224
[LOG] SystemI::createSoundInternal             : exinfo->length             = 96128
[LOG] SystemI::createSoundInternal             : exinfo->fileoffset         = 16864
[LOG] SystemI::createSoundInternal             : exinfo->numsubsounds       = 1
[LOG] SystemI::createSoundInternal             : exinfo->inclusionlist      = 00000094DA09F1F8
[LOG] SystemI::createSoundInternal             : exinfo->inclusionlistnum   = 1
[LOG] SystemI::createSoundInternal             : exinfo->suggestedsoundtype = 5
[LOG] SystemI::createSoundInternal             : exinfo->useropen           = 00007FF90FE9D3E0
[LOG] SystemI::createSoundInternal             : exinfo->userclose          = 00007FF90FE9D3A0
[LOG] SystemI::createSoundInternal             : exinfo->userread           = 00007FF90FE9D4C0
[LOG] SystemI::createSoundInternal             : exinfo->userseek           = 00007FF90FE9D580
[LOG] SystemI::createSoundInternal             : exinfo->fileuserdata       = 00000227FE8D1358
[LOG] SystemI::createSoundInternal             : exinfo->initialseekpostype = 1
[LOG] SystemI::DSPCodecPoolRegister            : register codec pool for pool type 4
[LOG] SystemI::createSoundInternal             : Sample 0/1: name='FOOTSTEP_Grass_Run_01_RR01_mono', format=5, channels=1, frequency=48000, lengthbytes=3776, lengthpcm=20544, pcmblocksize=0, loopstart=0, loopend=0, mode=0x00000000, channelmask=0x00000000, channelorder=0, peakvolume=0.115173.
[LOG] SystemI::createSoundInternal             : Create name='', mode=0x02000202
[LOG] SystemI::createSoundInternal             : exinfo->cbsize             = 224
[LOG] SystemI::createSoundInternal             : exinfo->length             = 96128
[LOG] SystemI::createSoundInternal             : exinfo->fileoffset         = 16864
[LOG] SystemI::createSoundInternal             : exinfo->numsubsounds       = 1
[LOG] SystemI::createSoundInternal             : exinfo->inclusionlist      = 00000094DA09F1F8
[LOG] SystemI::createSoundInternal             : exinfo->inclusionlistnum   = 1
[LOG] SystemI::createSoundInternal             : exinfo->suggestedsoundtype = 5
[LOG] SystemI::createSoundInternal             : exinfo->useropen           = 00007FF90FE9D3E0
[LOG] SystemI::createSoundInternal             : exinfo->userclose          = 00007FF90FE9D3A0
[LOG] SystemI::createSoundInternal             : exinfo->userread           = 00007FF90FE9D4C0
[LOG] SystemI::createSoundInternal             : exinfo->userseek           = 00007FF90FE9D580
[LOG] SystemI::createSoundInternal             : exinfo->fileuserdata       = 00000227FE8D1358
[LOG] SystemI::createSoundInternal             : exinfo->initialseekpostype = 1
[LOG] SystemI::DSPCodecPoolRegister            : register codec pool for pool type 4
[LOG] SystemI::createSoundInternal             : Sample 0/1: name='FOOTSTEP_Grass_Run_01_RR11_mono', format=5, channels=1, frequency=48000, lengthbytes=3136, lengthpcm=16928, pcmblocksize=0, loopstart=0, loopend=0, mode=0x00000000, channelmask=0x00000000, channelorder=0, peakvolume=0.097687.
[LOG] SystemI::createSoundInternal             : Create name='', mode=0x02000202
[LOG] SystemI::createSoundInternal             : exinfo->cbsize             = 224
[LOG] SystemI::createSoundInternal             : exinfo->length             = 96128
[LOG] SystemI::createSoundInternal             : exinfo->fileoffset         = 16864
[LOG] SystemI::createSoundInternal             : exinfo->numsubsounds       = 1
[LOG] SystemI::createSoundInternal             : exinfo->inclusionlist      = 00000094DA09F1F8
[LOG] SystemI::createSoundInternal             : exinfo->inclusionlistnum   = 1
[LOG] SystemI::createSoundInternal             : exinfo->suggestedsoundtype = 5
[LOG] SystemI::createSoundInternal             : exinfo->useropen           = 00007FF90FE9D3E0
[LOG] SystemI::createSoundInternal             : exinfo->userclose          = 00007FF90FE9D3A0
[LOG] SystemI::createSoundInternal             : exinfo->userread           = 00007FF90FE9D4C0
[LOG] SystemI::createSoundInternal             : exinfo->userseek           = 00007FF90FE9D580
[LOG] SystemI::createSoundInternal             : exinfo->fileuserdata       = 00000227FE8D1358
[LOG] SystemI::createSoundInternal             : exinfo->initialseekpostype = 1
[LOG] SystemI::DSPCodecPoolRegister            : register codec pool for pool type 4
[LOG] SystemI::createSoundInternal             : Sample 0/1: name='FOOTSTEP_Grass_Run_01_RR02_mono', format=5, channels=1, frequency=48000, lengthbytes=3104, lengthpcm=17257, pcmblocksize=0, loopstart=0, loopend=0, mode=0x00000000, channelmask=0x00000000, channelorder=0, peakvolume=0.105469.
[LOG] SystemI::createSoundInternal             : Create name='', mode=0x02000202
[LOG] SystemI::createSoundInternal             : exinfo->cbsize             = 224
[LOG] SystemI::createSoundInternal             : exinfo->length             = 96128
[LOG] SystemI::createSoundInternal             : exinfo->fileoffset         = 16864
[LOG] SystemI::createSoundInternal             : exinfo->numsubsounds       = 1
[LOG] SystemI::createSoundInternal             : exinfo->inclusionlist      = 00000094DA09F1F8
[LOG] SystemI::createSoundInternal             : exinfo->inclusionlistnum   = 1
[LOG] SystemI::createSoundInternal             : exinfo->suggestedsoundtype = 5
[LOG] SystemI::createSoundInternal             : exinfo->useropen           = 00007FF90FE9D3E0
[LOG] SystemI::createSoundInternal             : exinfo->userclose          = 00007FF90FE9D3A0
[LOG] SystemI::createSoundInternal             : exinfo->userread           = 00007FF90FE9D4C0
[LOG] SystemI::createSoundInternal             : exinfo->userseek           = 00007FF90FE9D580
[LOG] SystemI::createSoundInternal             : exinfo->fileuserdata       = 00000227FE8D1358
[LOG] SystemI::createSoundInternal             : exinfo->initialseekpostype = 1
[LOG] SystemI::DSPCodecPoolRegister            : register codec pool for pool type 4
[LOG] SystemI::createSoundInternal             : Sample 0/1: name='Steps_wood-001', format=5, channels=2, frequency=48000, lengthbytes=2464, lengthpcm=12244, pcmblocksize=0, loopstart=0, loopend=0, mode=0x00000000, channelmask=0x00000000, channelorder=0, peakvolume=0.252747.
[LOG] SystemI::createSoundInternal             : Create name='', mode=0x02000202
[LOG] SystemI::createSoundInternal             : exinfo->cbsize             = 224
[LOG] SystemI::createSoundInternal             : exinfo->length             = 96128
[LOG] SystemI::createSoundInternal             : exinfo->fileoffset         = 16864
[LOG] SystemI::createSoundInternal             : exinfo->numsubsounds       = 1
[LOG] SystemI::createSoundInternal             : exinfo->inclusionlist      = 00000094DA09F1F8
[LOG] SystemI::createSoundInternal             : exinfo->inclusionlistnum   = 1
[LOG] SystemI::createSoundInternal             : exinfo->suggestedsoundtype = 5
[LOG] SystemI::createSoundInternal             : exinfo->useropen           = 00007FF90FE9D3E0
[LOG] SystemI::createSoundInternal             : exinfo->userclose          = 00007FF90FE9D3A0
[LOG] SystemI::createSoundInternal             : exinfo->userread           = 00007FF90FE9D4C0
[LOG] SystemI::createSoundInternal             : exinfo->userseek           = 00007FF90FE9D580
[LOG] SystemI::createSoundInternal             : exinfo->fileuserdata       = 00000227FE8D1358
[LOG] SystemI::createSoundInternal             : exinfo->initialseekpostype = 1
[LOG] SystemI::DSPCodecPoolRegister            : register codec pool for pool type 4
[LOG] SystemI::createSoundInternal             : Sample 0/1: name='Steps_wood-021', format=5, channels=2, frequency=48000, lengthbytes=2784, lengthpcm=13459, pcmblocksize=0, loopstart=0, loopend=0, mode=0x00000000, channelmask=0x00000000, channelorder=0, peakvolume=0.570862.
[LOG] SystemI::createSoundInternal             : Create name='', mode=0x02000202
[LOG] SystemI::createSoundInternal             : exinfo->cbsize             = 224
[LOG] SystemI::createSoundInternal             : exinfo->length             = 96128
[LOG] SystemI::createSoundInternal             : exinfo->fileoffset         = 16864
[LOG] SystemI::createSoundInternal             : exinfo->numsubsounds       = 1
[LOG] SystemI::createSoundInternal             : exinfo->inclusionlist      = 00000094DA09F1F8
[LOG] SystemI::createSoundInternal             : exinfo->inclusionlistnum   = 1
[LOG] SystemI::createSoundInternal             : exinfo->suggestedsoundtype = 5
[LOG] SystemI::createSoundInternal             : exinfo->useropen           = 00007FF90FE9D3E0
[LOG] SystemI::createSoundInternal             : exinfo->userclose          = 00007FF90FE9D3A0
[LOG] SystemI::createSoundInternal             : exinfo->userread           = 00007FF90FE9D4C0
[LOG] SystemI::createSoundInternal             : exinfo->userseek           = 00007FF90FE9D580
[LOG] SystemI::createSoundInternal             : exinfo->fileuserdata       = 00000227FE8D1358
[LOG] SystemI::createSoundInternal             : exinfo->initialseekpostype = 1
[LOG] SystemI::DSPCodecPoolRegister            : register codec pool for pool type 4
[LOG] SystemI::createSoundInternal             : Sample 0/1: name='Steps_floor-008', format=5, channels=2, frequency=48000, lengthbytes=960, lengthpcm=3737, pcmblocksize=0, loopstart=0, loopend=0, mode=0x00000000, channelmask=0x00000000, channelorder=0, peakvolume=0.371094.
[LOG] SystemI::createSoundInternal             : Create name='', mode=0x02000202
[LOG] SystemI::createSoundInternal             : exinfo->cbsize             = 224
[LOG] SystemI::createSoundInternal             : exinfo->length             = 96128
[LOG] SystemI::createSoundInternal             : exinfo->fileoffset         = 16864
[LOG] SystemI::createSoundInternal             : exinfo->numsubsounds       = 1
[LOG] SystemI::createSoundInternal             : exinfo->inclusionlist      = 00000094DA09F1F8
[LOG] SystemI::createSoundInternal             : exinfo->inclusionlistnum   = 1
[LOG] SystemI::createSoundInternal             : exinfo->suggestedsoundtype = 5
[LOG] SystemI::createSoundInternal             : exinfo->useropen           = 00007FF90FE9D3E0
[LOG] SystemI::createSoundInternal             : exinfo->userclose          = 00007FF90FE9D3A0
[LOG] SystemI::createSoundInternal             : exinfo->userread           = 00007FF90FE9D4C0
[LOG] SystemI::createSoundInternal             : exinfo->userseek           = 00007FF90FE9D580
[LOG] SystemI::createSoundInternal             : exinfo->fileuserdata       = 00000227FE8D1358
[LOG] SystemI::createSoundInternal             : exinfo->initialseekpostype = 1
[LOG] SystemI::DSPCodecPoolRegister            : register codec pool for pool type 4
[LOG] SystemI::createSoundInternal             : Sample 0/1: name='FOOTSTEP_Grass_Run_01_RR05_mono', format=5, channels=1, frequency=48000, lengthbytes=3488, lengthpcm=18900, pcmblocksize=0, loopstart=0, loopend=0, mode=0x00000000, channelmask=0x00000000, channelorder=0, peakvolume=0.079163.
[LOG] SystemI::createSoundInternal             : Create name='', mode=0x02000202
[LOG] SystemI::createSoundInternal             : exinfo->cbsize             = 224
[LOG] SystemI::createSoundInternal             : exinfo->length             = 96128
[LOG] SystemI::createSoundInternal             : exinfo->fileoffset         = 16864
[LOG] SystemI::createSoundInternal             : exinfo->numsubsounds       = 1
[LOG] SystemI::createSoundInternal             : exinfo->inclusionlist      = 00000094DA09F1F8
[LOG] SystemI::createSoundInternal             : exinfo->inclusionlistnum   = 1
[LOG] SystemI::createSoundInternal             : exinfo->suggestedsoundtype = 5
[LOG] SystemI::createSoundInternal             : exinfo->useropen           = 00007FF90FE9D3E0
[LOG] SystemI::createSoundInternal             : exinfo->userclose          = 00007FF90FE9D3A0
[LOG] SystemI::createSoundInternal             : exinfo->userread           = 00007FF90FE9D4C0
[LOG] SystemI::createSoundInternal             : exinfo->userseek           = 00007FF90FE9D580
[LOG] SystemI::createSoundInternal             : exinfo->fileuserdata       = 00000227FE8D1358
[LOG] SystemI::createSoundInternal             : exinfo->initialseekpostype = 1
[LOG] SystemI::DSPCodecPoolRegister            : register codec pool for pool type 4
[LOG] SystemI::createSoundInternal             : Sample 0/1: name='Steps_wood-002', format=5, channels=2, frequency=48000, lengthbytes=1792, lengthpcm=9064, pcmblocksize=0, loopstart=0, loopend=0, mode=0x00000000, channelmask=0x00000000, channelorder=0, peakvolume=0.242462.
[LOG] SystemI::createSoundInternal             : Create name='', mode=0x02000202
[LOG] SystemI::createSoundInternal             : exinfo->cbsize             = 224
[LOG] SystemI::createSoundInternal             : exinfo->length             = 96128
[LOG] SystemI::createSoundInternal             : exinfo->fileoffset         = 16864
[LOG] SystemI::createSoundInternal             : exinfo->numsubsounds       = 1
[LOG] SystemI::createSoundInternal             : exinfo->inclusionlist      = 00000094DA09F1F8
[LOG] SystemI::createSoundInternal             : exinfo->inclusionlistnum   = 1
[LOG] SystemI::createSoundInternal             : exinfo->suggestedsoundtype = 5
[LOG] SystemI::createSoundInternal             : exinfo->useropen           = 00007FF90FE9D3E0
[LOG] SystemI::createSoundInternal             : exinfo->userclose          = 00007FF90FE9D3A0
[LOG] SystemI::createSoundInternal             : exinfo->userread           = 00007FF90FE9D4C0
[LOG] SystemI::createSoundInternal             : exinfo->userseek           = 00007FF90FE9D580
[LOG] SystemI::createSoundInternal             : exinfo->fileuserdata       = 00000227FE8D1358
[LOG] SystemI::createSoundInternal             : exinfo->initialseekpostype = 1
[LOG] SystemI::DSPCodecPoolRegister            : register codec pool for pool type 4
[LOG] SystemI::createSoundInternal             : Sample 0/1: name='Steps_floor-002', format=5, channels=2, frequency=48000, lengthbytes=544, lengthpcm=1303, pcmblocksize=0, loopstart=0, loopend=0, mode=0x00000000, channelmask=0x00000000, channelorder=0, peakvolume=0.226654.
[LOG] SystemI::createSoundInternal             : Create name='', mode=0x02000202
[LOG] SystemI::createSoundInternal             : exinfo->cbsize             = 224
[LOG] SystemI::createSoundInternal             : exinfo->length             = 96128
[LOG] SystemI::createSoundInternal             : exinfo->fileoffset         = 16864
[LOG] SystemI::createSoundInternal             : exinfo->numsubsounds       = 1
[LOG] SystemI::createSoundInternal             : exinfo->inclusionlist      = 00000094DA09F1F8
[LOG] SystemI::createSoundInternal             : exinfo->inclusionlistnum   = 1
[LOG] SystemI::createSoundInternal             : exinfo->suggestedsoundtype = 5
[LOG] SystemI::createSoundInternal             : exinfo->useropen           = 00007FF90FE9D3E0
[LOG] SystemI::createSoundInternal             : exinfo->userclose          = 00007FF90FE9D3A0
[LOG] SystemI::createSoundInternal             : exinfo->userread           = 00007FF90FE9D4C0
[LOG] SystemI::createSoundInternal             : exinfo->userseek           = 00007FF90FE9D580
[LOG] SystemI::createSoundInternal             : exinfo->fileuserdata       = 00000227FE8D1358
[LOG] SystemI::createSoundInternal             : exinfo->initialseekpostype = 1
[LOG] SystemI::DSPCodecPoolRegister            : register codec pool for pool type 4
[LOG] SystemI::createSoundInternal             : Sample 0/1: name='Steps_floor-006', format=5, channels=2, frequency=48000, lengthbytes=960, lengthpcm=3491, pcmblocksize=0, loopstart=0, loopend=0, mode=0x00000000, channelmask=0x00000000, channelorder=0, peakvolume=0.350281.
[LOG] SystemI::createSoundInternal             : Create name='', mode=0x02000202
[LOG] SystemI::createSoundInternal             : exinfo->cbsize             = 224
[LOG] SystemI::createSoundInternal             : exinfo->length             = 96128
[LOG] SystemI::createSoundInternal             : exinfo->fileoffset         = 16864
[LOG] SystemI::createSoundInternal             : exinfo->numsubsounds       = 1
[LOG] SystemI::createSoundInternal             : exinfo->inclusionlist      = 00000094DA09F1F8
[LOG] SystemI::createSoundInternal             : exinfo->inclusionlistnum   = 1
[LOG] SystemI::createSoundInternal             : exinfo->suggestedsoundtype = 5
[LOG] SystemI::createSoundInternal             : exinfo->useropen           = 00007FF90FE9D3E0
[LOG] SystemI::createSoundInternal             : exinfo->userclose          = 00007FF90FE9D3A0
[LOG] SystemI::createSoundInternal             : exinfo->userread           = 00007FF90FE9D4C0
[LOG] SystemI::createSoundInternal             : exinfo->userseek           = 00007FF90FE9D580
[LOG] SystemI::createSoundInternal             : exinfo->fileuserdata       = 00000227FE8D1358
[LOG] SystemI::createSoundInternal             : exinfo->initialseekpostype = 1
[LOG] SystemI::DSPCodecPoolRegister            : register codec pool for pool type 4
[LOG] SystemI::createSoundInternal             : Sample 0/1: name='Steps_wood-020', format=5, channels=2, frequency=48000, lengthbytes=2048, lengthpcm=10816, pcmblocksize=0, loopstart=0, loopend=0, mode=0x00000000, channelmask=0x00000000, channelorder=0, peakvolume=0.267273.
[LOG] SystemI::createSoundInternal             : Create name='', mode=0x02000202
[LOG] SystemI::createSoundInternal             : exinfo->cbsize             = 224
[LOG] SystemI::createSoundInternal             : exinfo->length             = 96128
[LOG] SystemI::createSoundInternal             : exinfo->fileoffset         = 16864
[LOG] SystemI::createSoundInternal             : exinfo->numsubsounds       = 1
[LOG] SystemI::createSoundInternal             : exinfo->inclusionlist      = 00000094DA09F1F8
[LOG] SystemI::createSoundInternal             : exinfo->inclusionlistnum   = 1
[LOG] SystemI::createSoundInternal             : exinfo->suggestedsoundtype = 5
[LOG] SystemI::createSoundInternal             : exinfo->useropen           = 00007FF90FE9D3E0
[LOG] SystemI::createSoundInternal             : exinfo->userclose          = 00007FF90FE9D3A0
[LOG] SystemI::createSoundInternal             : exinfo->userread           = 00007FF90FE9D4C0
[LOG] SystemI::createSoundInternal             : exinfo->userseek           = 00007FF90FE9D580
[LOG] SystemI::createSoundInternal             : exinfo->fileuserdata       = 00000227FE8D1358
[LOG] SystemI::createSoundInternal             : exinfo->initialseekpostype = 1
[LOG] SystemI::DSPCodecPoolRegister            : register codec pool for pool type 4
[LOG] SystemI::createSoundInternal             : Sample 0/1: name='Steps_wood-015', format=5, channels=2, frequency=48000, lengthbytes=3168, lengthpcm=14917, pcmblocksize=0, loopstart=0, loopend=0, mode=0x00000000, channelmask=0x00000000, channelorder=0, peakvolume=0.293854.
[LOG] SystemI::createSoundInternal             : Create name='', mode=0x02000202
[LOG] SystemI::createSoundInternal             : exinfo->cbsize             = 224
[LOG] SystemI::createSoundInternal             : exinfo->length             = 96128
[LOG] SystemI::createSoundInternal             : exinfo->fileoffset         = 16864
[LOG] SystemI::createSoundInternal             : exinfo->numsubsounds       = 1
[LOG] SystemI::createSoundInternal             : exinfo->inclusionlist      = 00000094DA09F1F8
[LOG] SystemI::createSoundInternal             : exinfo->inclusionlistnum   = 1
[LOG] SystemI::createSoundInternal             : exinfo->suggestedsoundtype = 5
[LOG] SystemI::createSoundInternal             : exinfo->useropen           = 00007FF90FE9D3E0
[LOG] SystemI::createSoundInternal             : exinfo->userclose          = 00007FF90FE9D3A0
[LOG] SystemI::createSoundInternal             : exinfo->userread           = 00007FF90FE9D4C0
[LOG] SystemI::createSoundInternal             : exinfo->userseek           = 00007FF90FE9D580
[LOG] SystemI::createSoundInternal             : exinfo->fileuserdata       = 00000227FE8D1358
[LOG] SystemI::createSoundInternal             : exinfo->initialseekpostype = 1
[LOG] SystemI::DSPCodecPoolRegister            : register codec pool for pool type 4
[LOG] SystemI::createSoundInternal             : Sample 0/1: name='Steps_wood-003', format=5, channels=2, frequency=48000, lengthbytes=2560, lengthpcm=11733, pcmblocksize=0, loopstart=0, loopend=0, mode=0x00000000, channelmask=0x00000000, channelorder=0, peakvolume=0.275787.
[LOG] SystemI::createSoundInternal             : Create name='', mode=0x02000202
[LOG] SystemI::createSoundInternal             : exinfo->cbsize             = 224
[LOG] SystemI::createSoundInternal             : exinfo->length             = 96128
[LOG] SystemI::createSoundInternal             : exinfo->fileoffset         = 16864
[LOG] SystemI::createSoundInternal             : exinfo->numsubsounds       = 1
[LOG] SystemI::createSoundInternal             : exinfo->inclusionlist      = 00000094DA09F1F8
[LOG] SystemI::createSoundInternal             : exinfo->inclusionlistnum   = 1
[LOG] SystemI::createSoundInternal             : exinfo->suggestedsoundtype = 5
[LOG] SystemI::createSoundInternal             : exinfo->useropen           = 00007FF90FE9D3E0
[LOG] SystemI::createSoundInternal             : exinfo->userclose          = 00007FF90FE9D3A0
[LOG] SystemI::createSoundInternal             : exinfo->userread           = 00007FF90FE9D4C0
[LOG] SystemI::createSoundInternal             : exinfo->userseek           = 00007FF90FE9D580
[LOG] SystemI::createSoundInternal             : exinfo->fileuserdata       = 00000227FE8D1358
[LOG] SystemI::createSoundInternal             : exinfo->initialseekpostype = 1
[LOG] SystemI::DSPCodecPoolRegister            : register codec pool for pool type 4
[LOG] SystemI::createSoundInternal             : Sample 0/1: name='Steps_wood-011', format=5, channels=2, frequency=48000, lengthbytes=1920, lengthpcm=9449, pcmblocksize=0, loopstart=0, loopend=0, mode=0x00000000, channelmask=0x00000000, channelorder=0, peakvolume=0.249420.
[LOG] SystemI::createSoundInternal             : Create name='', mode=0x02000202
[LOG] SystemI::createSoundInternal             : exinfo->cbsize             = 224
[LOG] SystemI::createSoundInternal             : exinfo->length             = 96128
[LOG] SystemI::createSoundInternal             : exinfo->fileoffset         = 16864
[LOG] SystemI::createSoundInternal             : exinfo->numsubsounds       = 1
[LOG] SystemI::createSoundInternal             : exinfo->inclusionlist      = 00000094DA09F1F8
[LOG] SystemI::createSoundInternal             : exinfo->inclusionlistnum   = 1
[LOG] SystemI::createSoundInternal             : exinfo->suggestedsoundtype = 5
[LOG] SystemI::createSoundInternal             : exinfo->useropen           = 00007FF90FE9D3E0
[LOG] SystemI::createSoundInternal             : exinfo->userclose          = 00007FF90FE9D3A0
[LOG] SystemI::createSoundInternal             : exinfo->userread           = 00007FF90FE9D4C0
[LOG] SystemI::createSoundInternal             : exinfo->userseek           = 00007FF90FE9D580
[LOG] SystemI::createSoundInternal             : exinfo->fileuserdata       = 00000227FE8D1358
[LOG] SystemI::createSoundInternal             : exinfo->initialseekpostype = 1
[LOG] SystemI::DSPCodecPoolRegister            : register codec pool for pool type 4
[LOG] SystemI::createSoundInternal             : Sample 0/1: name='FOOTSTEP_Grass_Run_01_RR14_mono', format=5, channels=1, frequency=48000, lengthbytes=3808, lengthpcm=20544, pcmblocksize=0, loopstart=0, loopend=0, mode=0x00000000, channelmask=0x00000000, channelorder=0, peakvolume=0.087982.
[LOG] SystemI::createSoundInternal             : Create name='', mode=0x02000202
[LOG] SystemI::createSoundInternal             : exinfo->cbsize             = 224
[LOG] SystemI::createSoundInternal             : exinfo->length             = 96128
[LOG] SystemI::createSoundInternal             : exinfo->fileoffset         = 16864
[LOG] SystemI::createSoundInternal             : exinfo->numsubsounds       = 1
[LOG] SystemI::createSoundInternal             : exinfo->inclusionlist      = 00000094DA09F1F8
[LOG] SystemI::createSoundInternal             : exinfo->inclusionlistnum   = 1
[LOG] SystemI::createSoundInternal             : exinfo->suggestedsoundtype = 5
[LOG] SystemI::createSoundInternal             : exinfo->useropen           = 00007FF90FE9D3E0
[LOG] SystemI::createSoundInternal             : exinfo->userclose          = 00007FF90FE9D3A0
[LOG] SystemI::createSoundInternal             : exinfo->userread           = 00007FF90FE9D4C0
[LOG] SystemI::createSoundInternal             : exinfo->userseek           = 00007FF90FE9D580
[LOG] SystemI::createSoundInternal             : exinfo->fileuserdata       = 00000227FE8D1358
[LOG] SystemI::createSoundInternal             : exinfo->initialseekpostype = 1
[LOG] SystemI::DSPCodecPoolRegister            : register codec pool for pool type 4
[LOG] SystemI::createSoundInternal             : Sample 0/1: name='FOOTSTEP_Grass_Run_01_RR04_mono', format=5, channels=1, frequency=48000, lengthbytes=3776, lengthpcm=20051, pcmblocksize=0, loopstart=0, loopend=0, mode=0x00000000, channelmask=0x00000000, channelorder=0, peakvolume=0.072906.
[LOG] SystemI::createSoundInternal             : Create name='', mode=0x02000202
[LOG] SystemI::createSoundInternal             : exinfo->cbsize             = 224
[LOG] SystemI::createSoundInternal             : exinfo->length             = 96128
[LOG] SystemI::createSoundInternal             : exinfo->fileoffset         = 16864
[LOG] SystemI::createSoundInternal             : exinfo->numsubsounds       = 1
[LOG] SystemI::createSoundInternal             : exinfo->inclusionlist      = 00000094DA09F1F8
[LOG] SystemI::createSoundInternal             : exinfo->inclusionlistnum   = 1
[LOG] SystemI::createSoundInternal             : exinfo->suggestedsoundtype = 5
[LOG] SystemI::createSoundInternal             : exinfo->useropen           = 00007FF90FE9D3E0
[LOG] SystemI::createSoundInternal             : exinfo->userclose          = 00007FF90FE9D3A0
[LOG] SystemI::createSoundInternal             : exinfo->userread           = 00007FF90FE9D4C0
[LOG] SystemI::createSoundInternal             : exinfo->userseek           = 00007FF90FE9D580
[LOG] SystemI::createSoundInternal             : exinfo->fileuserdata       = 00000227FE8D1358
[LOG] SystemI::createSoundInternal             : exinfo->initialseekpostype = 1
[LOG] SystemI::DSPCodecPoolRegister            : register codec pool for pool type 4
[LOG] SystemI::createSoundInternal             : Sample 0/1: name='Steps_wood-013', format=5, channels=2, frequency=48000, lengthbytes=1664, lengthpcm=8666, pcmblocksize=0, loopstart=0, loopend=0, mode=0x00000000, channelmask=0x00000000, channelorder=0, peakvolume=0.702698.
[LOG] SystemI::createSoundInternal             : Create name='', mode=0x02000202
[LOG] SystemI::createSoundInternal             : exinfo->cbsize             = 224
[LOG] SystemI::createSoundInternal             : exinfo->length             = 96128
[LOG] SystemI::createSoundInternal             : exinfo->fileoffset         = 16864
[LOG] SystemI::createSoundInternal             : exinfo->numsubsounds       = 1
[LOG] SystemI::createSoundInternal             : exinfo->inclusionlist      = 00000094DA09F1F8
[LOG] SystemI::createSoundInternal             : exinfo->inclusionlistnum   = 1
[LOG] SystemI::createSoundInternal             : exinfo->suggestedsoundtype = 5
[LOG] SystemI::createSoundInternal             : exinfo->useropen           = 00007FF90FE9D3E0
[LOG] SystemI::createSoundInternal             : exinfo->userclose          = 00007FF90FE9D3A0
[LOG] SystemI::createSoundInternal             : exinfo->userread           = 00007FF90FE9D4C0
[LOG] SystemI::createSoundInternal             : exinfo->userseek           = 00007FF90FE9D580
[LOG] SystemI::createSoundInternal             : exinfo->fileuserdata       = 00000227FE8D1358
[LOG] SystemI::createSoundInternal             : exinfo->initialseekpostype = 1
[LOG] SystemI::DSPCodecPoolRegister            : register codec pool for pool type 4
[LOG] SystemI::createSoundInternal             : Sample 0/1: name='Steps_wood-014', format=5, channels=2, frequency=48000, lengthbytes=2208, lengthpcm=11443, pcmblocksize=0, loopstart=0, loopend=0, mode=0x00000000, channelmask=0x00000000, channelorder=0, peakvolume=0.222504.
[LOG] SystemI::createSoundInternal             : Create name='', mode=0x02000202
[LOG] SystemI::createSoundInternal             : exinfo->cbsize             = 224
[LOG] SystemI::createSoundInternal             : exinfo->length             = 96128
[LOG] SystemI::createSoundInternal             : exinfo->fileoffset         = 16864
[LOG] SystemI::createSoundInternal             : exinfo->numsubsounds       = 1
[LOG] SystemI::createSoundInternal             : exinfo->inclusionlist      = 00000094DA09F1F8
[LOG] SystemI::createSoundInternal             : exinfo->inclusionlistnum   = 1
[LOG] SystemI::createSoundInternal             : exinfo->suggestedsoundtype = 5
[LOG] SystemI::createSoundInternal             : exinfo->useropen           = 00007FF90FE9D3E0
[LOG] SystemI::createSoundInternal             : exinfo->userclose          = 00007FF90FE9D3A0
[LOG] SystemI::createSoundInternal             : exinfo->userread           = 00007FF90FE9D4C0
[LOG] SystemI::createSoundInternal             : exinfo->userseek           = 00007FF90FE9D580
[LOG] SystemI::createSoundInternal             : exinfo->fileuserdata       = 00000227FE8D1358
[LOG] SystemI::createSoundInternal             : exinfo->initialseekpostype = 1
[LOG] SystemI::DSPCodecPoolRegister            : register codec pool for pool type 4
[LOG] SystemI::createSoundInternal             : Sample 0/1: name='Steps_wood-019', format=5, channels=2, frequency=48000, lengthbytes=1952, lengthpcm=10061, pcmblocksize=0, loopstart=0, loopend=0, mode=0x00000000, channelmask=0x00000000, channelorder=0, peakvolume=0.251526.
[LOG] SystemI::createSoundInternal             : Create name='', mode=0x02000202
[LOG] SystemI::createSoundInternal             : exinfo->cbsize             = 224
[LOG] SystemI::createSoundInternal             : exinfo->length             = 96128
[LOG] SystemI::createSoundInternal             : exinfo->fileoffset         = 16864
[LOG] SystemI::createSoundInternal             : exinfo->numsubsounds       = 1
[LOG] SystemI::createSoundInternal             : exinfo->inclusionlist      = 00000094DA09F1F8
[LOG] SystemI::createSoundInternal             : exinfo->inclusionlistnum   = 1
[LOG] SystemI::createSoundInternal             : exinfo->suggestedsoundtype = 5
[LOG] SystemI::createSoundInternal             : exinfo->useropen           = 00007FF90FE9D3E0
[LOG] SystemI::createSoundInternal             : exinfo->userclose          = 00007FF90FE9D3A0
[LOG] SystemI::createSoundInternal             : exinfo->userread           = 00007FF90FE9D4C0
[LOG] SystemI::createSoundInternal             : exinfo->userseek           = 00007FF90FE9D580
[LOG] SystemI::createSoundInternal             : exinfo->fileuserdata       = 00000227FE8D1358
[LOG] SystemI::createSoundInternal             : exinfo->initialseekpostype = 1
[LOG] SystemI::DSPCodecPoolRegister            : register codec pool for pool type 4
[LOG] SystemI::createSoundInternal             : Sample 0/1: name='FOOTSTEP_Grass_Run_01_RR06_mono', format=5, channels=1, frequency=48000, lengthbytes=3616, lengthpcm=19393, pcmblocksize=0, loopstart=0, loopend=0, mode=0x00000000, channelmask=0x00000000, channelorder=0, peakvolume=0.074829.
[LOG] SystemI::createSoundInternal             : Create name='', mode=0x02000202
[LOG] SystemI::createSoundInternal             : exinfo->cbsize             = 224
[LOG] SystemI::createSoundInternal             : exinfo->length             = 96128
[LOG] SystemI::createSoundInternal             : exinfo->fileoffset         = 16864
[LOG] SystemI::createSoundInternal             : exinfo->numsubsounds       = 1
[LOG] SystemI::createSoundInternal             : exinfo->inclusionlist      = 00000094DA09F1F8
[LOG] SystemI::createSoundInternal             : exinfo->inclusionlistnum   = 1
[LOG] SystemI::createSoundInternal             : exinfo->suggestedsoundtype = 5
[LOG] SystemI::createSoundInternal             : exinfo->useropen           = 00007FF90FE9D3E0
[LOG] SystemI::createSoundInternal             : exinfo->userclose          = 00007FF90FE9D3A0
[LOG] SystemI::createSoundInternal             : exinfo->userread           = 00007FF90FE9D4C0
[LOG] SystemI::createSoundInternal             : exinfo->userseek           = 00007FF90FE9D580
[LOG] SystemI::createSoundInternal             : exinfo->fileuserdata       = 00000227FE8D1358
[LOG] SystemI::createSoundInternal             : exinfo->initialseekpostype = 1
[LOG] SystemI::DSPCodecPoolRegister            : register codec pool for pool type 4
[LOG] SystemI::createSoundInternal             : Sample 0/1: name='Steps_wood-016', format=5, channels=2, frequency=48000, lengthbytes=2496, lengthpcm=13063, pcmblocksize=0, loopstart=0, loopend=0, mode=0x00000000, channelmask=0x00000000, channelorder=0, peakvolume=0.321198.
[LOG] SystemI::createSoundInternal             : Create name='', mode=0x02000202
[LOG] SystemI::createSoundInternal             : exinfo->cbsize             = 224
[LOG] SystemI::createSoundInternal             : exinfo->length             = 96128
[LOG] SystemI::createSoundInternal             : exinfo->fileoffset         = 16864
[LOG] SystemI::createSoundInternal             : exinfo->numsubsounds       = 1
[LOG] SystemI::createSoundInternal             : exinfo->inclusionlist      = 00000094DA09F1F8
[LOG] SystemI::createSoundInternal             : exinfo->inclusionlistnum   = 1
[LOG] SystemI::createSoundInternal             : exinfo->suggestedsoundtype = 5
[LOG] SystemI::createSoundInternal             : exinfo->useropen           = 00007FF90FE9D3E0
[LOG] SystemI::createSoundInternal             : exinfo->userclose          = 00007FF90FE9D3A0
[LOG] SystemI::createSoundInternal             : exinfo->userread           = 00007FF90FE9D4C0
[LOG] SystemI::createSoundInternal             : exinfo->userseek           = 00007FF90FE9D580
[LOG] SystemI::createSoundInternal             : exinfo->fileuserdata       = 00000227FE8D1358
[LOG] SystemI::createSoundInternal             : exinfo->initialseekpostype = 1
[LOG] SystemI::DSPCodecPoolRegister            : register codec pool for pool type 4
[LOG] SystemI::createSoundInternal             : Sample 0/1: name='Steps_floor-009', format=5, channels=2, frequency=48000, lengthbytes=960, lengthpcm=3183, pcmblocksize=0, loopstart=0, loopend=0, mode=0x00000000, channelmask=0x00000000, channelorder=0, peakvolume=0.915131.
[LOG] SystemI::createSoundInternal             : Create name='', mode=0x02000202
[LOG] SystemI::createSoundInternal             : exinfo->cbsize             = 224
[LOG] SystemI::createSoundInternal             : exinfo->length             = 96128
[LOG] SystemI::createSoundInternal             : exinfo->fileoffset         = 16864
[LOG] SystemI::createSoundInternal             : exinfo->numsubsounds       = 1
[LOG] SystemI::createSoundInternal             : exinfo->inclusionlist      = 00000094DA09F1F8
[LOG] SystemI::createSoundInternal             : exinfo->inclusionlistnum   = 1
[LOG] SystemI::createSoundInternal             : exinfo->suggestedsoundtype = 5
[LOG] SystemI::createSoundInternal             : exinfo->useropen           = 00007FF90FE9D3E0
[LOG] SystemI::createSoundInternal             : exinfo->userclose          = 00007FF90FE9D3A0
[LOG] SystemI::createSoundInternal             : exinfo->userread           = 00007FF90FE9D4C0
[LOG] SystemI::createSoundInternal             : exinfo->userseek           = 00007FF90FE9D580
[LOG] SystemI::createSoundInternal             : exinfo->fileuserdata       = 00000227FE8D1358
[LOG] SystemI::createSoundInternal             : exinfo->initialseekpostype = 1
[LOG] SystemI::DSPCodecPoolRegister            : register codec pool for pool type 4
[LOG] SystemI::createSoundInternal             : Sample 0/1: name='Steps_floor-012', format=5, channels=2, frequency=48000, lengthbytes=864, lengthpcm=3045, pcmblocksize=0, loopstart=0, loopend=0, mode=0x00000000, channelmask=0x00000000, channelorder=0, peakvolume=0.461548.
[LOG] SystemI::createSoundInternal             : Create name='', mode=0x02000202
[LOG] SystemI::createSoundInternal             : exinfo->cbsize             = 224
[LOG] SystemI::createSoundInternal             : exinfo->length             = 96128
[LOG] SystemI::createSoundInternal             : exinfo->fileoffset         = 16864
[LOG] SystemI::createSoundInternal             : exinfo->numsubsounds       = 1
[LOG] SystemI::createSoundInternal             : exinfo->inclusionlist      = 00000094DA09F1F8
[LOG] SystemI::createSoundInternal             : exinfo->inclusionlistnum   = 1
[LOG] SystemI::createSoundInternal             : exinfo->suggestedsoundtype = 5
[LOG] SystemI::createSoundInternal             : exinfo->useropen           = 00007FF90FE9D3E0
[LOG] SystemI::createSoundInternal             : exinfo->userclose          = 00007FF90FE9D3A0
[LOG] SystemI::createSoundInternal             : exinfo->userread           = 00007FF90FE9D4C0
[LOG] SystemI::createSoundInternal             : exinfo->userseek           = 00007FF90FE9D580
[LOG] SystemI::createSoundInternal             : exinfo->fileuserdata       = 00000227FE8D1358
[LOG] SystemI::createSoundInternal             : exinfo->initialseekpostype = 1
[LOG] SystemI::DSPCodecPoolRegister            : register codec pool for pool type 4
[LOG] SystemI::createSoundInternal             : Sample 0/1: name='FOOTSTEP_Grass_Run_01_RR12_mono', format=5, channels=1, frequency=48000, lengthbytes=3712, lengthpcm=20215, pcmblocksize=0, loopstart=0, loopend=0, mode=0x00000000, channelmask=0x00000000, channelorder=0, peakvolume=0.106354.
[LOG] SystemI::createSoundInternal             : Create name='', mode=0x02000202
[LOG] SystemI::createSoundInternal             : exinfo->cbsize             = 224
[LOG] SystemI::createSoundInternal             : exinfo->length             = 96128
[LOG] SystemI::createSoundInternal             : exinfo->fileoffset         = 16864
[LOG] SystemI::createSoundInternal             : exinfo->numsubsounds       = 1
[LOG] SystemI::createSoundInternal             : exinfo->inclusionlist      = 00000094DA09F1F8
[LOG] SystemI::createSoundInternal             : exinfo->inclusionlistnum   = 1
[LOG] SystemI::createSoundInternal             : exinfo->suggestedsoundtype = 5
[LOG] SystemI::createSoundInternal             : exinfo->useropen           = 00007FF90FE9D3E0
[LOG] SystemI::createSoundInternal             : exinfo->userclose          = 00007FF90FE9D3A0
[LOG] SystemI::createSoundInternal             : exinfo->userread           = 00007FF90FE9D4C0
[LOG] SystemI::createSoundInternal             : exinfo->userseek           = 00007FF90FE9D580
[LOG] SystemI::createSoundInternal             : exinfo->fileuserdata       = 00000227FE8D1358
[LOG] SystemI::createSoundInternal             : exinfo->initialseekpostype = 1
[LOG] SystemI::DSPCodecPoolRegister            : register codec pool for pool type 4
[LOG] SystemI::createSoundInternal             : Sample 0/1: name='Steps_floor-010', format=5, channels=2, frequency=48000, lengthbytes=704, lengthpcm=2115, pcmblocksize=0, loopstart=0, loopend=0, mode=0x00000000, channelmask=0x00000000, channelorder=0, peakvolume=0.262543.
[LOG] SystemI::createSoundInternal             : Create name='', mode=0x02000202
[LOG] SystemI::createSoundInternal             : exinfo->cbsize             = 224
[LOG] SystemI::createSoundInternal             : exinfo->length             = 96128
[LOG] SystemI::createSoundInternal             : exinfo->fileoffset         = 16864
[LOG] SystemI::createSoundInternal             : exinfo->numsubsounds       = 1
[LOG] SystemI::createSoundInternal             : exinfo->inclusionlist      = 00000094DA09F1F8
[LOG] SystemI::createSoundInternal             : exinfo->inclusionlistnum   = 1
[LOG] SystemI::createSoundInternal             : exinfo->suggestedsoundtype = 5
[LOG] SystemI::createSoundInternal             : exinfo->useropen           = 00007FF90FE9D3E0
[LOG] SystemI::createSoundInternal             : exinfo->userclose          = 00007FF90FE9D3A0
[LOG] SystemI::createSoundInternal             : exinfo->userread           = 00007FF90FE9D4C0
[LOG] SystemI::createSoundInternal             : exinfo->userseek           = 00007FF90FE9D580
[LOG] SystemI::createSoundInternal             : exinfo->fileuserdata       = 00000227FE8D1358
[LOG] SystemI::createSoundInternal             : exinfo->initialseekpostype = 1
[LOG] SystemI::DSPCodecPoolRegister            : register codec pool for pool type 4
[LOG] SystemI::createSoundInternal             : Sample 0/1: name='Steps_floor-005', format=5, channels=2, frequency=48000, lengthbytes=1184, lengthpcm=4284, pcmblocksize=0, loopstart=0, loopend=0, mode=0x00000000, channelmask=0x00000000, channelorder=0, peakvolume=0.633667.
[LOG] SystemI::createSoundInternal             : Create name='', mode=0x02000202
[LOG] SystemI::createSoundInternal             : exinfo->cbsize             = 224
[LOG] SystemI::createSoundInternal             : exinfo->length             = 96128
[LOG] SystemI::createSoundInternal             : exinfo->fileoffset         = 16864
[LOG] SystemI::createSoundInternal             : exinfo->numsubsounds       = 1
[LOG] SystemI::createSoundInternal             : exinfo->inclusionlist      = 00000094DA09F1F8
[LOG] SystemI::createSoundInternal             : exinfo->inclusionlistnum   = 1
[LOG] SystemI::createSoundInternal             : exinfo->suggestedsoundtype = 5
[LOG] SystemI::createSoundInternal             : exinfo->useropen           = 00007FF90FE9D3E0
[LOG] SystemI::createSoundInternal             : exinfo->userclose          = 00007FF90FE9D3A0
[LOG] SystemI::createSoundInternal             : exinfo->userread           = 00007FF90FE9D4C0
[LOG] SystemI::createSoundInternal             : exinfo->userseek           = 00007FF90FE9D580
[LOG] SystemI::createSoundInternal             : exinfo->fileuserdata       = 00000227FE8D1358
[LOG] SystemI::createSoundInternal             : exinfo->initialseekpostype = 1
[LOG] SystemI::DSPCodecPoolRegister            : register codec pool for pool type 4
[LOG] SystemI::createSoundInternal             : Sample 0/1: name='Steps_floor-001', format=5, channels=2, frequency=48000, lengthbytes=672, lengthpcm=2057, pcmblocksize=0, loopstart=0, loopend=0, mode=0x00000000, channelmask=0x00000000, channelorder=0, peakvolume=0.292938.
[LOG] SystemI::createSoundInternal             : Create name='', mode=0x02000202
[LOG] SystemI::createSoundInternal             : exinfo->cbsize             = 224
[LOG] SystemI::createSoundInternal             : exinfo->length             = 96128
[LOG] SystemI::createSoundInternal             : exinfo->fileoffset         = 16864
[LOG] SystemI::createSoundInternal             : exinfo->numsubsounds       = 1
[LOG] SystemI::createSoundInternal             : exinfo->inclusionlist      = 00000094DA09F1F8
[LOG] SystemI::createSoundInternal             : exinfo->inclusionlistnum   = 1
[LOG] SystemI::createSoundInternal             : exinfo->suggestedsoundtype = 5
[LOG] SystemI::createSoundInternal             : exinfo->useropen           = 00007FF90FE9D3E0
[LOG] SystemI::createSoundInternal             : exinfo->userclose          = 00007FF90FE9D3A0
[LOG] SystemI::createSoundInternal             : exinfo->userread           = 00007FF90FE9D4C0
[LOG] SystemI::createSoundInternal             : exinfo->userseek           = 00007FF90FE9D580
[LOG] SystemI::createSoundInternal             : exinfo->fileuserdata       = 00000227FE8D1358
[LOG] SystemI::createSoundInternal             : exinfo->initialseekpostype = 1
[LOG] SystemI::DSPCodecPoolRegister            : register codec pool for pool type 4
[LOG] SystemI::createSoundInternal             : Sample 0/1: name='Steps_wood-006', format=5, channels=2, frequency=48000, lengthbytes=1856, lengthpcm=9931, pcmblocksize=0, loopstart=0, loopend=0, mode=0x00000000, channelmask=0x00000000, channelorder=0, peakvolume=0.144043.
[LOG] SoundI::release                          : Mj-utwr-6 (00000228D263C0A8)
[LOG] SoundI::release                          :     Mj-utwr-6 (0000022915795A08)
[LOG] SoundI::release                          :     Mj-utwr-6 (00000228D2D4FF18)
[LOG] SystemI::createSound                     : filename = Assets/FmodBuild/Desktop/Ambient.bank : mode 02010082
[LOG] SystemI::createSound                     : FMOD_NONBLOCKING specified.  Putting into queue to be opened asynchronously!
[LOG] AsyncThread::add                         : add sound to async queue : soundi = 0000022919D59CE8, queue head = 00000228D263ADA8, queue count = 0
[LOG] AsyncThread::threadFunc                  : Starting Asynchronous operation on sound 0000022919D59CE8
[LOG] SystemI::createSoundInternal             :     Create name='Assets/FmodBuild/Desktop/Ambient.bank', mode=0x02010082
[LOG] SystemI::createSoundInternal             :     exinfo->cbsize             = 224
[LOG] SystemI::createSoundInternal             :     exinfo->length             = 404736
[LOG] SystemI::createSoundInternal             :     exinfo->fileoffset         = 2624
[LOG] SystemI::createSoundInternal             :     exinfo->numsubsounds       = 1
[LOG] SystemI::createSoundInternal             :     exinfo->inclusionlist      = 00000228D2C63B48
[LOG] SystemI::createSoundInternal             :     exinfo->inclusionlistnum   = 1
[LOG] SystemI::createSoundInternal             :     exinfo->suggestedsoundtype = 5
[LOG] SystemI::createSoundInternal             :     exinfo->initialseekposition = 3000
[LOG] SystemI::createSoundInternal             :     exinfo->initialseekpostype = 1
[LOG] SystemI::createSoundInternal             :     Stream 0/1: name='Mj-utwr-6', format=5, channels=2, frequency=48000, lengthbytes=404288, lengthpcm=1953750, pcmblocksize=0, loopstart=0, loopend=0, mode=0x00000000, channelmask=0x00000000, channelorder=0, peakvolume=0.999298.
[LOG] AsyncThread::threadFunc                  : Finished Asynchronous operation on sound 0000022919D59CE8
[LOG] SoundI::release                          : Mj-utwr-6 (0000022919D59CE8)
[LOG] SoundI::release                          :     Mj-utwr-6 (0000022915795888)
[LOG] SoundI::release                          :     Mj-utwr-6 (00000228D2D50558)
[LOG] SystemI::createSound                     : filename = Assets/FmodBuild/Desktop/Ambient.bank : mode 02010082
[LOG] SystemI::createSound                     : FMOD_NONBLOCKING specified.  Putting into queue to be opened asynchronously!
[LOG] AsyncThread::add                         : add sound to async queue : soundi = 0000022919D59E78, queue head = 00000228D263ADA8, queue count = 0
[LOG] AsyncThread::threadFunc                  : Starting Asynchronous operation on sound 0000022919D59E78
[LOG] SystemI::createSoundInternal             :     Create name='Assets/FmodBuild/Desktop/Ambient.bank', mode=0x02010082
[LOG] SystemI::createSoundInternal             :     exinfo->cbsize             = 224
[LOG] SystemI::createSoundInternal             :     exinfo->length             = 404736
[LOG] SystemI::createSoundInternal             :     exinfo->fileoffset         = 2624
[LOG] SystemI::createSoundInternal             :     exinfo->numsubsounds       = 1
[LOG] SystemI::createSoundInternal             :     exinfo->inclusionlist      = 00000228D2C63B48
[LOG] SystemI::createSoundInternal             :     exinfo->inclusionlistnum   = 1
[LOG] SystemI::createSoundInternal             :     exinfo->suggestedsoundtype = 5
[LOG] SystemI::createSoundInternal             :     exinfo->initialseekposition = 3000
[LOG] SystemI::createSoundInternal             :     exinfo->initialseekpostype = 1
[LOG] SystemI::createSoundInternal             :     Stream 0/1: name='Mj-utwr-6', format=5, channels=2, frequency=48000, lengthbytes=404288, lengthpcm=1953750, pcmblocksize=0, loopstart=0, loopend=0, mode=0x00000000, channelmask=0x00000000, channelorder=0, peakvolume=0.999298.
[LOG] AsyncThread::threadFunc                  : Finished Asynchronous operation on sound 0000022919D59E78
[LOG] AsyncThread::add                         : add sound to async queue : soundi = 00000227F7863E38, queue head = 00000228D263ADA8, queue count = 0
[LOG] AsyncThread::threadFunc                  : Starting Asynchronous operation on sound 00000227F7863E38
[LOG] AsyncThread::threadFunc                  : Finished Asynchronous operation on sound 00000227F7863E38
[LOG] SoundI::release                          : Mj-utwr-6 (0000022919D59E78)
[LOG] SoundI::release                          :     Mj-utwr-6 (00000228D74A4668)
[LOG] SoundI::release                          :     Mj-utwr-6 (00000227F7863E38)
[LOG] SoundI::release                          :  (0000022985A6ADB8)
[LOG] SoundI::release                          :     Steps_floor-001 (000002280D42E378)
[LOG] SoundI::release                          :  (0000022882616E48)
[LOG] SoundI::release                          :     Steps_floor-002 (00000228D31747F8)
[LOG] SoundI::release                          :  (00000228EB4A6E88)
[LOG] SoundI::release                          :     Steps_floor-003 (00000228EBAF7EB8)
[LOG] SoundI::release                          :  (00000228EB4A6D28)
[LOG] SoundI::release                          :     Steps_floor-004 (00000228EBAF6B38)
[LOG] SoundI::release                          :  (0000022985A6AAF8)
[LOG] SoundI::release                          :     Steps_floor-005 (000002280D42E1F8)
[LOG] SoundI::release                          :  (0000022882617108)
[LOG] SoundI::release                          :     Steps_floor-006 (00000228D3174978)
[LOG] SoundI::release                          :  (00000228EB4A72A8)
[LOG] SoundI::release                          :     Steps_floor-007 (00000228EBAF69B8)
[LOG] SoundI::release                          :  (0000022882616FA8)
[LOG] SoundI::release                          :     Steps_floor-008 (00000228D3174678)
[LOG] SoundI::release                          :  (0000022985A6A578)
[LOG] SoundI::release                          :     Steps_floor-009 (00000228EA8C5768)
[LOG] SoundI::release                          :  (0000022985A69A78)
[LOG] SoundI::release                          :     Steps_floor-010 (000002280D42DBF8)
[LOG] SoundI::release                          :  (0000022952204E78)
[LOG] SoundI::release                          :     Steps_floor-011 (00000228EBAF7A38)
[LOG] SoundI::release                          :  (0000022985A6A838)
[LOG] SoundI::release                          :     Steps_floor-012 (00000228EA8C49E8)
[LOG] SoundI::release                          :  (00000228EB4A7568)
[LOG] SoundI::release                          :     Steps_floor-013 (00000228EBAF7BB8)
[LOG] SoundI::release                          :  (00000227E8DA7328)
[LOG] SoundI::release                          :     Steps_floor-014 (00000228EBAF8038)
[LOG] SoundI::release                          :  (00000227E8DA7068)
[LOG] SoundI::release                          :     Steps_floor-015 (00000228EBAF66B8)
[LOG] SoundI::release                          :  (0000022925041078)
[LOG] SoundI::release                          :     Steps_wood-001 (00000228D3174078)
[LOG] SoundI::release                          :  (0000022882616CE8)
[LOG] SoundI::release                          :     Steps_wood-002 (00000228D31744F8)
[LOG] SoundI::release                          :  (0000022985A69BD8)
[LOG] SoundI::release                          :     Steps_wood-003 (00000228D72AAF88)
[LOG] SoundI::release                          :  (00000227E8DA71C8)
[LOG] SoundI::release                          :     Steps_wood-005 (00000228EBAF6838)
[LOG] SoundI::release                          :  (0000022985A6AF18)
[LOG] SoundI::release                          :     Steps_wood-006 (000002280D42E4F8)
[LOG] SoundI::release                          :  (00000228EB4A6A68)
[LOG] SoundI::release                          :     Steps_wood-008 (00000228EBAF78B8)
[LOG] SoundI::release                          :  (00000228EB4A7408)
[LOG] SoundI::release                          :     Steps_wood-010 (00000228EBAF6538)
[LOG] SoundI::release                          :  (0000022985A6A2B8)
[LOG] SoundI::release                          :     Steps_wood-011 (00000228D72AB408)
[LOG] SoundI::release                          :  (0000022985A69E98)
[LOG] SoundI::release                          :     Steps_wood-013 (00000228D72ABA08)
[LOG] SoundI::release                          :  (0000022985A6A158)
[LOG] SoundI::release                          :     Steps_wood-014 (00000228D72AAC88)
[LOG] SoundI::release                          :  (0000022985A69FF8)
[LOG] SoundI::release                          :     Steps_wood-015 (00000228D72AB108)
[LOG] SoundI::release                          :  (0000022985A6A418)
[LOG] SoundI::release                          :     Steps_wood-016 (00000228EA8C52E8)
[LOG] SoundI::release                          :  (0000022985A6AC58)
[LOG] SoundI::release                          :     Steps_wood-019 (00000228EA8C55E8)
[LOG] SoundI::release                          :  (0000022985A69D38)
[LOG] SoundI::release                          :     Steps_wood-020 (00000228D3174C78)
[LOG] SoundI::release                          :  (0000022925040C58)
[LOG] SoundI::release                          :     Steps_wood-021 (00000228D31741F8)
[LOG] SoundI::release                          :  (0000022925040DB8)
[LOG] SoundI::release                          :     FOOTSTEP_Grass_Run_01_RR01_mono (00000228EBAF7D38)
[LOG] SoundI::release                          :  (0000022925040F18)
[LOG] SoundI::release                          :     FOOTSTEP_Grass_Run_01_RR02_mono (00000228EBAF7138)
[LOG] SoundI::release                          :  (00000227E8DA7748)
[LOG] SoundI::release                          :     FOOTSTEP_Grass_Run_01_RR03_mono (00000228EBAF6E38)
[LOG] SoundI::release                          :  (0000022985A697B8)
[LOG] SoundI::release                          :     FOOTSTEP_Grass_Run_01_RR04_mono (00000228D72AB888)
[LOG] SoundI::release                          :  (0000022882616B88)
[LOG] SoundI::release                          :     FOOTSTEP_Grass_Run_01_RR05_mono (00000228D3174AF8)
[LOG] SoundI::release                          :  (0000022985A6A998)
[LOG] SoundI::release                          :     FOOTSTEP_Grass_Run_01_RR06_mono (00000228EA8C5168)
[LOG] SoundI::release                          :  (0000022952204A58)
[LOG] SoundI::release                          :     FOOTSTEP_Grass_Run_01_RR07_mono (00000228EBAF6FB8)
[LOG] SoundI::release                          :  (00000228EB4A7828)
[LOG] SoundI::release                          :     FOOTSTEP_Grass_Run_01_RR08_mono (00000228EBAF6CB8)
[LOG] SoundI::release                          :  (00000227E8DA7B68)
[LOG] SoundI::release                          :     FOOTSTEP_Grass_Run_01_RR09_mono (00000228EBAF6238)
[LOG] SoundI::release                          :  (00000227E8DA78A8)
[LOG] SoundI::release                          :     FOOTSTEP_Grass_Run_01_RR10_mono (00000228EBAF75B8)
[LOG] SoundI::release                          :  (0000022925040AF8)
[LOG] SoundI::release                          :     FOOTSTEP_Grass_Run_01_RR11_mono (00000228EBAF72B8)
[LOG] SoundI::release                          :  (0000022985A6A6D8)
[LOG] SoundI::release                          :     FOOTSTEP_Grass_Run_01_RR12_mono (00000228EA8C5468)
[LOG] SoundI::release                          :  (00000228EB4A76C8)
[LOG] SoundI::release                          :     FOOTSTEP_Grass_Run_01_RR13_mono (00000228EBAF7738)
[LOG] SoundI::release                          :  (0000022985A694F8)
[LOG] SoundI::release                          :     FOOTSTEP_Grass_Run_01_RR14_mono (00000228D72AB588)
[LOG] Thread::callback                         : FMOD Studio update thread finished.
[LOG] Thread::callback                         : FMOD Studio bank load thread finished.
[LOG] Profile::disconnectAll                   : Profiler disconnecting all clients
[LOG] Thread::callback                         : FMOD Studio sample load thread finished.
[LOG] LiveUpdate::release                      : 
[LOG] LiveUpdate::reset                        : Reset connection (reason Disconnected)
[LOG] Thread::callback                         : FMOD stream thread finished.
[LOG] Thread::callback                         : FMOD mixer thread finished.
[LOG] Profile::disconnectAll                   : Profiler disconnecting all clients
[LOG] SystemI::closeInternal                   : Closed.
[LOG] BankLoader::serializeBank                : fileversion = 146, compatVersion = 146 (oldest = 44, newest = 146)
[LOG] BankLoader::serializeBank                : fileversion = 146, compatVersion = 146 (oldest = 44, newest = 146)
[LOG] BankLoader::serializeBank                : fileversion = 146, compatVersion = 146 (oldest = 44, newest = 146)
[LOG] BankLoader::serializeBank                : fileversion = 146, compatVersion = 146 (oldest = 44, newest = 146)
[LOG] PlaybackSystem::acquireMasterBus         : Setting master channel group format to 6
[LOG] Thread::callback                         : FMOD Studio bank load thread finished.
[LOG] Thread::callback                         : FMOD Studio sample load thread finished.
[LOG] LiveUpdate::release                      : 
[LOG] LiveUpdate::reset                        : Reset connection (reason Disconnected)
[LOG] Thread::callback                         : FMOD stream thread finished.
[LOG] Thread::callback                         : FMOD mixer thread finished.
[LOG] SystemI::closeInternal                   : Closed.
[LOG] Thread::callback                         : FMOD nonblocking thread (0) finished.
[LOG] Thread::callback                         : FMOD file thread finished.
